{
  "RSpec": {
    "coverage": {
      "/Users/vn04rad/Cal/cs370/app/helpers/application_helper.rb": [
        1,
        null
      ],
      "/Users/vn04rad/Cal/cs370/app/helpers/courses_helper.rb": [
        1,
        null
      ],
      "/Users/vn04rad/Cal/cs370/app/helpers/requests_helper.rb": [
        1,
        null
      ],
      "/Users/vn04rad/Cal/cs370/app/helpers/tutees_helper.rb": [
        1,
        null
      ],
      "/Users/vn04rad/Cal/cs370/app/controllers/courses_controller.rb": [
        1,
        1,
        null,
        null,
        1,
        null,
        null,
        1,
        null,
        null,
        1,
        null,
        null,
        1,
        null,
        null,
        1,
        null,
        null,
        1,
        null,
        null
      ],
      "/Users/vn04rad/Cal/cs370/app/controllers/application_controller.rb": [
        1,
        1,
        null
      ],
      "/Users/vn04rad/Cal/cs370/app/controllers/requests_controller.rb": [
        1,
        null,
        1,
        0,
        null,
        null,
        1,
        null,
        null,
        1,
        null,
        null,
        1,
        2,
        2,
        null,
        null,
        1,
        1,
        1,
        1,
        null,
        null,
        1,
        null,
        null,
        1,
        null,
        null,
        0,
        0,
        0,
        0,
        null,
        0,
        0,
        0,
        0,
        0,
        null,
        0,
        null,
        0,
        null,
        null,
        1,
        0,
        0,
        0,
        0,
        null,
        0,
        0,
        null,
        null,
        null,
        1,
        null,
        null,
        null
      ],
      "/Users/vn04rad/Cal/cs370/app/controllers/tutees_controller.rb": [
        1,
        1,
        0,
        0,
        null,
        0,
        null,
        1,
        0,
        null,
        0,
        null,
        0,
        null,
        1,
        0,
        0,
        null,
        0,
        null,
        1,
        0,
        0,
        null,
        0,
        null,
        1,
        0,
        0,
        null,
        1,
        null,
        null,
        null,
        1,
        1,
        null,
        1,
        1,
        null,
        null,
        null,
        1,
        0,
        0,
        null,
        null,
        1,
        null,
        null,
        1,
        0,
        0,
        0,
        null,
        null,
        1,
        null,
        null,
        1,
        0,
        null,
        null,
        1,
        0,
        0,
        0,
        0,
        0,
        null,
        0,
        0,
        null,
        null,
        null,
        1,
        0,
        0,
        null,
        0,
        0,
        0,
        0,
        null,
        0,
        0,
        null,
        null,
        null,
        1,
        null,
        null
      ],
      "/Users/vn04rad/Cal/cs370/app/models/course.rb": [
        1,
        1,
        1,
        1,
        3,
        null,
        null,
        null
      ],
      "/Users/vn04rad/Cal/cs370/app/models/application_record.rb": [
        1,
        1,
        null
      ],
      "/Users/vn04rad/Cal/cs370/app/models/meeting.rb": [
        1,
        1,
        1,
        null
      ],
      "/Users/vn04rad/Cal/cs370/app/models/request.rb": [
        1,
        1,
        1,
        1,
        null
      ],
      "/Users/vn04rad/Cal/cs370/app/models/tutee.rb": [
        1,
        1,
        1,
        null
      ],
      "/Users/vn04rad/Cal/cs370/app/models/tutor.rb": [
        1,
        null
      ],
      "/Users/vn04rad/Cal/cs370/app/mailers/application_mailer.rb": [
        0,
        0,
        0,
        0
      ],
      "/Users/vn04rad/Cal/cs370/app/jobs/application_job.rb": [
        0,
        0
      ],
      "/Users/vn04rad/Cal/cs370/app/channels/application_cable/connection.rb": [
        0,
        0,
        0,
        0
      ],
      "/Users/vn04rad/Cal/cs370/app/channels/application_cable/channel.rb": [
        0,
        0,
        0,
        0
      ]
    },
    "timestamp": 1555551432
  }
}
