{
  "RSpec": {
    "coverage": {
      "/Users/vn04rad/Cal/cs370/app/helpers/application_helper.rb": [
        1,
        null
      ],
      "/Users/vn04rad/Cal/cs370/app/helpers/courses_helper.rb": [
        1,
        null
      ],
      "/Users/vn04rad/Cal/cs370/app/helpers/requests_helper.rb": [
        1,
        null
      ],
      "/Users/vn04rad/Cal/cs370/app/helpers/tutees_helper.rb": [
        1,
        null
      ],
      "/Users/vn04rad/Cal/cs370/app/controllers/courses_controller.rb": [
        1,
        1,
        null,
        null,
        1,
        null,
        null,
        1,
        null,
        null,
        1,
        null,
        null,
        1,
        null,
        null,
        1,
        null,
        null,
        1,
        null,
        null
      ],
      "/Users/vn04rad/Cal/cs370/app/controllers/application_controller.rb": [
        1,
        1,
        null
      ],
      "/Users/vn04rad/Cal/cs370/app/controllers/requests_controller.rb": [
        1,
        null,
        1,
        0,
        null,
        null,
        1,
        null,
        null,
        1,
        null,
        null,
        1,
        2,
        2,
        null,
        null,
        1,
        1,
        1,
        1,
        null,
        null,
        1,
        null,
        null,
        1,
        null,
        null,
        0,
        0,
        0,
        0,
        null,
        0,
        0,
        0,
        0,
        0,
        null,
        0,
        null,
        0,
        null,
        null,
        1,
        0,
        0,
        0,
        0,
        null,
        0,
        0,
        null,
        null,
        null,
        1,
        null,
        null,
        null
      ],
      "/Users/vn04rad/Cal/cs370/app/controllers/tutees_controller.rb": [
        1,
        1,
        0,
        0,
        null,
        0,
        null,
        1,
        0,
        null,
        0,
        null,
        0,
        null,
        1,
        0,
        0,
        null,
        0,
        null,
        1,
        0,
        0,
        null,
        0,
        null,
        1,
        0,
        0,
        null,
        1,
        null,
        null,
        null,
        1,
        1,
        null,
        1,
        1,
        null,
        null,
        null,
        1,
        0,
        0,
        null,
        null,
        1,
        null,
        null,
        1,
        0,
        0,
        0,
        null,
        null,
        1,
        null,
        null,
        1,
        0,
        null,
        null,
        1,
        0,
        0,
        0,
        0,
        0,
        null,
        0,
        0,
        null,
        null,
        null,
        1,
        0,
        0,
        null,
        0,
        0,
        0,
        0,
        null,
        0,
        0,
        null,
        null,
        null,
        1,
        null,
        null
      ],
      "/Users/vn04rad/Cal/cs370/app/models/course.rb": [
        1,
        1,
        1,
        1,
        3,
        null,
        null,
        null
      ],
      "/Users/vn04rad/Cal/cs370/app/models/application_record.rb": [
        1,
        1,
        null
      ],
      "/Users/vn04rad/Cal/cs370/app/models/meeting.rb": [
        1,
        1,
        1,
        null
      ],
      "/Users/vn04rad/Cal/cs370/app/models/request.rb": [
        1,
        1,
        1,
        1,
        null
      ],
      "/Users/vn04rad/Cal/cs370/app/models/tutee.rb": [
        1,
        1,
        1,
        null
      ],
      "/Users/vn04rad/Cal/cs370/app/models/tutor.rb": [
        1,
        null
      ],
      "/Users/vn04rad/Cal/cs370/app/mailers/application_mailer.rb": [
        0,
        0,
        0,
        0
      ],
      "/Users/vn04rad/Cal/cs370/app/jobs/application_job.rb": [
        0,
        0
      ],
      "/Users/vn04rad/Cal/cs370/app/channels/application_cable/connection.rb": [
        0,
        0,
        0,
        0
      ],
      "/Users/vn04rad/Cal/cs370/app/channels/application_cable/channel.rb": [
        0,
        0,
        0,
        0
      ]
    },
    "timestamp": 1555551432
  },
  "Cucumber Features": {
    "coverage": {
      "/Users/freddycervantes/cs169/cs370/app/controllers/tutees_controller.rb": [
        1,
        null,
        null,
        null,
        null,
        null,
        null,
        null,
        null,
        null,
        null,
        null,
        null,
        null,
        null,
        null,
        null,
        null,
        null,
        null,
        null,
        null,
        null,
        null,
        null,
        null,
        1,
        9,
        2,
        null,
        7,
        null,
        null,
        null,
        1,
        1,
        null,
        1,
        99,
        null,
        null,
        null,
        1,
        16,
        16,
        null,
        null,
        1,
        null,
        null,
        1,
        28,
        28,
        28,
        null,
        null,
        1,
        null,
        null,
        1,
        42,
        null,
        null,
        1,
        11,
        11,
        11,
        1,
        1,
        null,
        10,
        10,
        null,
        null,
        null,
        null,
        null,
        null,
        null,
        null,
        null,
        null,
        null,
        null,
        1,
        16,
        16,
        16,
        null,
        16,
        6,
        6,
        null,
        10,
        10,
        null,
        null,
        null,
        null,
        null,
        null,
        null,
        null,
        null,
        null,
        null,
        null,
        null,
        1,
        null,
        null
      ],
      "/Users/freddycervantes/cs169/cs370/app/controllers/application_controller.rb": [
        1,
        1,
        null
      ],
      "/Users/freddycervantes/cs169/cs370/app/helpers/application_helper.rb": [
        1,
        null
      ],
      "/Users/freddycervantes/cs169/cs370/app/helpers/courses_helper.rb": [
        1,
        null
      ],
      "/Users/freddycervantes/cs169/cs370/app/helpers/requests_helper.rb": [
        1,
        null
      ],
      "/Users/freddycervantes/cs169/cs370/app/helpers/tutees_helper.rb": [
        1,
        null
      ],
      "/Users/freddycervantes/cs169/cs370/app/helpers/tutors_helper.rb": [
        1,
        null
      ],
      "/Users/freddycervantes/cs169/cs370/app/helpers/welcome_helper.rb": [
        1,
        null
      ],
      "/Users/freddycervantes/cs169/cs370/app/models/tutee.rb": [
        1,
        1,
        1,
        1,
        1,
        1,
        1,
        1,
        1,
        1,
        1,
        1,
        1,
        1,
        1,
        1,
        null
      ],
      "/Users/freddycervantes/cs169/cs370/app/models/application_record.rb": [
        1,
        1,
        null
      ],
      "/Users/freddycervantes/cs169/cs370/app/models/course.rb": [
        1,
        1,
        1,
        1,
        31,
        null,
        null,
        null
      ],
      "/Users/freddycervantes/cs169/cs370/app/models/request.rb": [
        1,
        1,
        1,
        1,
        null
      ],
      "/Users/freddycervantes/cs169/cs370/app/controllers/requests_controller.rb": [
        1,
        null,
        1,
        4,
        null,
        null,
        1,
        null,
        null,
        1,
        null,
        null,
        1,
        0,
        0,
        null,
        null,
        1,
        3,
        3,
        6,
        null,
        null,
        1,
        null,
        null,
        1,
        null,
        null,
        2,
        1,
        1,
        1,
        null,
        1,
        1,
        1,
        1,
        1,
        null,
        1,
        null,
        1,
        null,
        null,
        1,
        0,
        0,
        0,
        0,
        null,
        0,
        0,
        null,
        null,
        null,
        1,
        null,
        null,
        null
      ],
      "/Users/freddycervantes/cs169/cs370/app/models/tutor.rb": [
        1,
        1,
        1,
        1,
        1,
        1,
        1,
        null
      ],
      "/Users/freddycervantes/cs169/cs370/app/models/berkeley_class.rb": [
        1,
        null,
        1,
        9,
        9,
        81,
        18,
        null,
        null,
        9,
        null,
        null,
        1,
        18,
        18,
        162,
        null,
        18,
        null,
        null,
        null
      ],
      "/Users/freddycervantes/cs169/cs370/app/controllers/welcome_controller.rb": [
        1,
        1,
        null,
        null
      ],
      "/Users/freddycervantes/cs169/cs370/app/controllers/tutors_controller.rb": [
        1,
        1,
        null,
        null,
        null,
        1,
        6,
        6,
        null,
        null,
        null,
        null,
        1,
        null,
        4,
        4,
        4,
        4,
        null,
        null,
        null,
        null,
        1,
        3,
        null,
        null,
        null,
        1,
        5,
        5,
        5,
        5,
        null,
        null,
        null,
        null,
        1,
        2,
        2,
        1,
        1,
        2,
        null,
        null,
        1,
        1,
        null,
        null,
        null,
        null,
        null,
        1,
        4,
        4,
        4,
        4,
        null,
        4,
        1,
        1,
        1,
        1,
        null,
        null,
        3,
        3,
        6,
        3,
        null,
        0,
        0,
        null,
        null,
        null,
        null,
        null,
        null,
        1,
        0,
        0,
        0,
        0,
        null,
        null,
        null,
        1,
        null,
        1,
        null,
        1,
        17,
        null,
        null,
        1,
        4,
        null,
        null,
        null,
        1,
        5,
        null,
        null,
        1,
        3,
        3,
        24,
        7,
        null,
        17,
        null,
        null,
        3,
        null,
        null,
        null,
        null,
        null
      ],
      "/Users/freddycervantes/cs169/cs370/app/mailers/application_mailer.rb": [
        0,
        0,
        0,
        0
      ],
      "/Users/freddycervantes/cs169/cs370/app/models/meeting.rb": [
        0,
        0,
        0,
        0
      ],
      "/Users/freddycervantes/cs169/cs370/app/jobs/application_job.rb": [
        0,
        0
      ],
      "/Users/freddycervantes/cs169/cs370/app/controllers/courses_controller.rb": [
        0,
        0,
        0,
        0,
        0,
        0,
        0,
        0,
        0,
        0,
        0,
        0,
        0,
        0,
        0,
        0,
        0,
        0,
        0,
        0,
        0,
        0
      ],
      "/Users/freddycervantes/cs169/cs370/app/channels/application_cable/connection.rb": [
        0,
        0,
        0,
        0
      ],
      "/Users/freddycervantes/cs169/cs370/app/channels/application_cable/channel.rb": [
        0,
        0,
        0,
        0
      ]
    },
    "timestamp": 1555638424
  }
}
